<?xml version="1.0" encoding="UTF-8" ?>
<testsuite tests="66" failures="0" name="edu.stanford.nlp.naturalli.RelationTripleSegmenterTest" time="0.221" errors="0" skipped="0">
  <properties>
    <property name="java.runtime.name" value="Java(TM) SE Runtime Environment"/>
    <property name="java.vm.version" value="11+28"/>
    <property name="sun.boot.library.path" value="/Library/Java/JavaVirtualMachines/jdk-11.jdk/Contents/Home/lib"/>
    <property name="gopherProxySet" value="false"/>
    <property name="maven.multiModuleProjectDirectory" value="/Users/ethanyang/Github/CoreNLP"/>
    <property name="java.vm.vendor" value="Oracle Corporation"/>
    <property name="java.vendor.url" value="http://java.oracle.com/"/>
    <property name="guice.disable.misplaced.annotation.check" value="true"/>
    <property name="path.separator" value=":"/>
    <property name="java.vm.name" value="Java HotSpot(TM) 64-Bit Server VM"/>
    <property name="sun.os.patch.level" value="unknown"/>
    <property name="user.country" value="US"/>
    <property name="sun.java.launcher" value="SUN_STANDARD"/>
    <property name="java.vm.specification.name" value="Java Virtual Machine Specification"/>
    <property name="user.dir" value="/Users/ethanyang/Documents/Github/CoreNLP"/>
    <property name="java.vm.compressedOopsMode" value="Zero based"/>
    <property name="java.runtime.version" value="11+28"/>
    <property name="java.awt.graphicsenv" value="sun.awt.CGraphicsEnvironment"/>
    <property name="os.arch" value="x86_64"/>
    <property name="java.io.tmpdir" value="/var/folders/cs/32r1d3hs6678g95ccn2dkddw0000gn/T/"/>
    <property name="line.separator" value="
"/>
    <property name="java.vm.specification.vendor" value="Oracle Corporation"/>
    <property name="os.name" value="Mac OS X"/>
    <property name="classworlds.conf" value="/usr/local/Cellar/maven/3.6.0/libexec/bin/m2.conf"/>
    <property name="sun.jnu.encoding" value="UTF-8"/>
    <property name="java.library.path" value="/Users/ethanyang/Library/Java/Extensions:/Library/Java/Extensions:/Network/Library/Java/Extensions:/System/Library/Java/Extensions:/usr/lib/java:."/>
    <property name="maven.conf" value="/usr/local/Cellar/maven/3.6.0/libexec/conf"/>
    <property name="jdk.debug" value="release"/>
    <property name="java.class.version" value="55.0"/>
    <property name="java.specification.name" value="Java Platform API Specification"/>
    <property name="sun.management.compiler" value="HotSpot 64-Bit Tiered Compilers"/>
    <property name="os.version" value="10.14.1"/>
    <property name="library.jansi.path" value="/usr/local/Cellar/maven/3.6.0/libexec/lib/jansi-native"/>
    <property name="http.nonProxyHosts" value="local|*.local|169.254/16|*.169.254/16"/>
    <property name="user.home" value="/Users/ethanyang"/>
    <property name="user.timezone" value="America/New_York"/>
    <property name="java.awt.printerjob" value="sun.lwawt.macosx.CPrinterJob"/>
    <property name="file.encoding" value="UTF-8"/>
    <property name="java.specification.version" value="11"/>
    <property name="user.name" value="ethanyang"/>
    <property name="java.class.path" value="/usr/local/Cellar/maven/3.6.0/libexec/boot/plexus-classworlds-2.5.2.jar"/>
    <property name="java.vm.specification.version" value="11"/>
    <property name="sun.arch.data.model" value="64"/>
    <property name="sun.java.command" value="org.codehaus.plexus.classworlds.launcher.Launcher package"/>
    <property name="java.home" value="/Library/Java/JavaVirtualMachines/jdk-11.jdk/Contents/Home"/>
    <property name="user.language" value="en"/>
    <property name="java.specification.vendor" value="Oracle Corporation"/>
    <property name="awt.toolkit" value="sun.lwawt.macosx.LWCToolkit"/>
    <property name="java.vm.info" value="mixed mode"/>
    <property name="java.version" value="11"/>
    <property name="java.vendor" value="Oracle Corporation"/>
    <property name="maven.home" value="/usr/local/Cellar/maven/3.6.0/libexec"/>
    <property name="file.separator" value="/"/>
    <property name="java.version.date" value="2018-09-25"/>
    <property name="java.vendor.url.bug" value="http://bugreport.java.com/bugreport/"/>
    <property name="sun.io.unicode.encoding" value="UnicodeBig"/>
    <property name="sun.cpu.endian" value="little"/>
    <property name="java.vendor.version" value="18.9"/>
    <property name="socksNonProxyHosts" value="local|*.local|169.254/16|*.169.254/16"/>
    <property name="ftp.nonProxyHosts" value="local|*.local|169.254/16|*.169.254/16"/>
    <property name="sun.cpu.isalist" value=""/>
  </properties>
  <testcase classname="edu.stanford.nlp.naturalli.RelationTripleSegmenterTest" name="testSameSemanticsForDifferentWordOrder" time="0.005"/>
  <testcase classname="edu.stanford.nlp.naturalli.RelationTripleSegmenterTest" name="testObamaBornInRegression" time="0.012"/>
  <testcase classname="edu.stanford.nlp.naturalli.RelationTripleSegmenterTest" name="testToSentenceOutOfOrder" time="0.001"/>
  <testcase classname="edu.stanford.nlp.naturalli.RelationTripleSegmenterTest" name="testOfWhich" time="0.007"/>
  <testcase classname="edu.stanford.nlp.naturalli.RelationTripleSegmenterTest" name="testToSentenceNoIndices" time="0.001"/>
  <testcase classname="edu.stanford.nlp.naturalli.RelationTripleSegmenterTest" name="testPassiveReflexive" time="0.006"/>
  <testcase classname="edu.stanford.nlp.naturalli.RelationTripleSegmenterTest" name="testPossessiveNoNER" time="0.007"/>
  <testcase classname="edu.stanford.nlp.naturalli.RelationTripleSegmenterTest" name="testPossessiveWithObject" time="0.006"/>
  <testcase classname="edu.stanford.nlp.naturalli.RelationTripleSegmenterTest" name="testGeorgeBoydRegression" time="0.003"/>
  <testcase classname="edu.stanford.nlp.naturalli.RelationTripleSegmenterTest" name="testHeWasInaugurated" time="0.002"/>
  <testcase classname="edu.stanford.nlp.naturalli.RelationTripleSegmenterTest" name="testAdvObjectPassive" time="0.002"/>
  <testcase classname="edu.stanford.nlp.naturalli.RelationTripleSegmenterTest" name="testAclNoPP" time="0.004"/>
  <testcase classname="edu.stanford.nlp.naturalli.RelationTripleSegmenterTest" name="testMyCatsPlayWithYarn" time="0.002"/>
  <testcase classname="edu.stanford.nlp.naturalli.RelationTripleSegmenterTest" name="testChrisManningOfStanfordLong" time="0.005"/>
  <testcase classname="edu.stanford.nlp.naturalli.RelationTripleSegmenterTest" name="testUSsAllyBritain" time="0.01"/>
  <testcase classname="edu.stanford.nlp.naturalli.RelationTripleSegmenterTest" name="testAcl" time="0.001"/>
  <testcase classname="edu.stanford.nlp.naturalli.RelationTripleSegmenterTest" name="testVBG" time="0.002"/>
  <testcase classname="edu.stanford.nlp.naturalli.RelationTripleSegmenterTest" name="testFishLikeToSwim" time="0.002"/>
  <testcase classname="edu.stanford.nlp.naturalli.RelationTripleSegmenterTest" name="testPPAttachmentTwo" time="0.002"/>
  <testcase classname="edu.stanford.nlp.naturalli.RelationTripleSegmenterTest" name="testObjInRelation" time="0.007"/>
  <testcase classname="edu.stanford.nlp.naturalli.RelationTripleSegmenterTest" name="testXComp" time="0.002"/>
  <testcase classname="edu.stanford.nlp.naturalli.RelationTripleSegmenterTest" name="testApposInObject" time="0.002"/>
  <testcase classname="edu.stanford.nlp.naturalli.RelationTripleSegmenterTest" name="testDogsInheaven" time="0.006"/>
  <testcase classname="edu.stanford.nlp.naturalli.RelationTripleSegmenterTest" name="testPPExtraction" time="0.009"/>
  <testcase classname="edu.stanford.nlp.naturalli.RelationTripleSegmenterTest" name="testObamaPresidentOfRegressionFull" time="0.002"/>
  <testcase classname="edu.stanford.nlp.naturalli.RelationTripleSegmenterTest" name="testObamaPresidentOfRegression" time="0.002"/>
  <testcase classname="edu.stanford.nlp.naturalli.RelationTripleSegmenterTest" name="testWh" time="0.003"/>
  <testcase classname="edu.stanford.nlp.naturalli.RelationTripleSegmenterTest" name="testVPOnlyReplacedWith" time="0.002"/>
  <testcase classname="edu.stanford.nlp.naturalli.RelationTripleSegmenterTest" name="testThereAreWith" time="0.011"/>
  <testcase classname="edu.stanford.nlp.naturalli.RelationTripleSegmenterTest" name="testVBGCollapsed" time="0.001"/>
  <testcase classname="edu.stanford.nlp.naturalli.RelationTripleSegmenterTest" name="testUSPresidentObama1" time="0.004"/>
  <testcase classname="edu.stanford.nlp.naturalli.RelationTripleSegmenterTest" name="testUSPresidentObama2" time="0.003"/>
  <testcase classname="edu.stanford.nlp.naturalli.RelationTripleSegmenterTest" name="testAdvObject" time="0.001"/>
  <testcase classname="edu.stanford.nlp.naturalli.RelationTripleSegmenterTest" name="testThrowAway" time="0.001"/>
  <testcase classname="edu.stanford.nlp.naturalli.RelationTripleSegmenterTest" name="testUSAllyBritain" time="0.003"/>
  <testcase classname="edu.stanford.nlp.naturalli.RelationTripleSegmenterTest" name="testToSentenceInOrder" time="0.001"/>
  <testcase classname="edu.stanford.nlp.naturalli.RelationTripleSegmenterTest" name="testCatsHaveTails" time="0.001"/>
  <testcase classname="edu.stanford.nlp.naturalli.RelationTripleSegmenterTest" name="testGlosses" time="0"/>
  <testcase classname="edu.stanford.nlp.naturalli.RelationTripleSegmenterTest" name="testChrisIsOfStanford" time="0.003"/>
  <testcase classname="edu.stanford.nlp.naturalli.RelationTripleSegmenterTest" name="testBlueCatsPlayWithYarn" time="0.001"/>
  <testcase classname="edu.stanford.nlp.naturalli.RelationTripleSegmenterTest" name="testReflexive" time="0.002"/>
  <testcase classname="edu.stanford.nlp.naturalli.RelationTripleSegmenterTest" name="testPossessiveInEntity" time="0.001"/>
  <testcase classname="edu.stanford.nlp.naturalli.RelationTripleSegmenterTest" name="testThereAreIn" time="0.003"/>
  <testcase classname="edu.stanford.nlp.naturalli.RelationTripleSegmenterTest" name="testStateOfTheUnion" time="0.002"/>
  <testcase classname="edu.stanford.nlp.naturalli.RelationTripleSegmenterTest" name="testMassOfIron" time="0.002"/>
  <testcase classname="edu.stanford.nlp.naturalli.RelationTripleSegmenterTest" name="testPassiveNSubj" time="0.002"/>
  <testcase classname="edu.stanford.nlp.naturalli.RelationTripleSegmenterTest" name="testCatsAreCute" time="0.001"/>
  <testcase classname="edu.stanford.nlp.naturalli.RelationTripleSegmenterTest" name="testNmodTmod" time="0.001"/>
  <testcase classname="edu.stanford.nlp.naturalli.RelationTripleSegmenterTest" name="testCompoundPossessive" time="0.014"/>
  <testcase classname="edu.stanford.nlp.naturalli.RelationTripleSegmenterTest" name="testPossessive" time="0.003"/>
  <testcase classname="edu.stanford.nlp.naturalli.RelationTripleSegmenterTest" name="testPPAttachment" time="0.001"/>
  <testcase classname="edu.stanford.nlp.naturalli.RelationTripleSegmenterTest" name="testAmericanActorChrisPratt" time="0.009"/>
  <testcase classname="edu.stanford.nlp.naturalli.RelationTripleSegmenterTest" name="testChrisManningOfStanford" time="0.002"/>
  <testcase classname="edu.stanford.nlp.naturalli.RelationTripleSegmenterTest" name="testrabbitsEatVegetables" time="0.001"/>
  <testcase classname="edu.stanford.nlp.naturalli.RelationTripleSegmenterTest" name="testAllNominals" time="0.009"/>
  <testcase classname="edu.stanford.nlp.naturalli.RelationTripleSegmenterTest" name="testFishLikeToSwimAlternateParse" time="0.001"/>
  <testcase classname="edu.stanford.nlp.naturalli.RelationTripleSegmenterTest" name="testBlueCatsPlayQuietlyWithYarn" time="0.002"/>
  <testcase classname="edu.stanford.nlp.naturalli.RelationTripleSegmenterTest" name="testApposAsSubj" time="0.002"/>
  <testcase classname="edu.stanford.nlp.naturalli.RelationTripleSegmenterTest" name="testPresidentObama" time="0.002"/>
  <testcase classname="edu.stanford.nlp.naturalli.RelationTripleSegmenterTest" name="testThereAreVBing" time="0.001"/>
  <testcase classname="edu.stanford.nlp.naturalli.RelationTripleSegmenterTest" name="testUSPresidentObama" time="0.006"/>
  <testcase classname="edu.stanford.nlp.naturalli.RelationTripleSegmenterTest" name="testIAmInFlorida" time="0.001"/>
  <testcase classname="edu.stanford.nlp.naturalli.RelationTripleSegmenterTest" name="testAclWithPP" time="0.001"/>
  <testcase classname="edu.stanford.nlp.naturalli.RelationTripleSegmenterTest" name="testCommaDoesntOvergenerate" time="0.005"/>
  <testcase classname="edu.stanford.nlp.naturalli.RelationTripleSegmenterTest" name="testPropagateCSubj" time="0.001"/>
  <testcase classname="edu.stanford.nlp.naturalli.RelationTripleSegmenterTest" name="testAclWithAdverb" time="0.001"/>
</testsuite>