<?xml version="1.0" encoding="UTF-8" ?>
<testsuite tests="44" failures="0" name="edu.stanford.nlp.trees.tregex.TregexTest" time="0.063" errors="0" skipped="0">
  <properties>
    <property name="java.runtime.name" value="Java(TM) SE Runtime Environment"/>
    <property name="java.vm.version" value="11+28"/>
    <property name="sun.boot.library.path" value="/Library/Java/JavaVirtualMachines/jdk-11.jdk/Contents/Home/lib"/>
    <property name="gopherProxySet" value="false"/>
    <property name="maven.multiModuleProjectDirectory" value="/Users/ethanyang/Github/CoreNLP"/>
    <property name="java.vm.vendor" value="Oracle Corporation"/>
    <property name="java.vendor.url" value="http://java.oracle.com/"/>
    <property name="guice.disable.misplaced.annotation.check" value="true"/>
    <property name="path.separator" value=":"/>
    <property name="java.vm.name" value="Java HotSpot(TM) 64-Bit Server VM"/>
    <property name="sun.os.patch.level" value="unknown"/>
    <property name="user.country" value="US"/>
    <property name="sun.java.launcher" value="SUN_STANDARD"/>
    <property name="java.vm.specification.name" value="Java Virtual Machine Specification"/>
    <property name="user.dir" value="/Users/ethanyang/Documents/Github/CoreNLP"/>
    <property name="java.vm.compressedOopsMode" value="Zero based"/>
    <property name="java.runtime.version" value="11+28"/>
    <property name="java.awt.graphicsenv" value="sun.awt.CGraphicsEnvironment"/>
    <property name="os.arch" value="x86_64"/>
    <property name="java.io.tmpdir" value="/var/folders/cs/32r1d3hs6678g95ccn2dkddw0000gn/T/"/>
    <property name="line.separator" value="
"/>
    <property name="java.vm.specification.vendor" value="Oracle Corporation"/>
    <property name="os.name" value="Mac OS X"/>
    <property name="classworlds.conf" value="/usr/local/Cellar/maven/3.6.0/libexec/bin/m2.conf"/>
    <property name="sun.jnu.encoding" value="UTF-8"/>
    <property name="java.library.path" value="/Users/ethanyang/Library/Java/Extensions:/Library/Java/Extensions:/Network/Library/Java/Extensions:/System/Library/Java/Extensions:/usr/lib/java:."/>
    <property name="maven.conf" value="/usr/local/Cellar/maven/3.6.0/libexec/conf"/>
    <property name="jdk.debug" value="release"/>
    <property name="java.class.version" value="55.0"/>
    <property name="java.specification.name" value="Java Platform API Specification"/>
    <property name="sun.management.compiler" value="HotSpot 64-Bit Tiered Compilers"/>
    <property name="os.version" value="10.14.1"/>
    <property name="library.jansi.path" value="/usr/local/Cellar/maven/3.6.0/libexec/lib/jansi-native"/>
    <property name="http.nonProxyHosts" value="local|*.local|169.254/16|*.169.254/16"/>
    <property name="user.home" value="/Users/ethanyang"/>
    <property name="user.timezone" value="America/New_York"/>
    <property name="java.awt.printerjob" value="sun.lwawt.macosx.CPrinterJob"/>
    <property name="file.encoding" value="UTF-8"/>
    <property name="java.specification.version" value="11"/>
    <property name="user.name" value="ethanyang"/>
    <property name="java.class.path" value="/usr/local/Cellar/maven/3.6.0/libexec/boot/plexus-classworlds-2.5.2.jar"/>
    <property name="java.vm.specification.version" value="11"/>
    <property name="sun.arch.data.model" value="64"/>
    <property name="sun.java.command" value="org.codehaus.plexus.classworlds.launcher.Launcher package"/>
    <property name="java.home" value="/Library/Java/JavaVirtualMachines/jdk-11.jdk/Contents/Home"/>
    <property name="user.language" value="en"/>
    <property name="java.specification.vendor" value="Oracle Corporation"/>
    <property name="awt.toolkit" value="sun.lwawt.macosx.LWCToolkit"/>
    <property name="java.vm.info" value="mixed mode"/>
    <property name="java.version" value="11"/>
    <property name="java.vendor" value="Oracle Corporation"/>
    <property name="maven.home" value="/usr/local/Cellar/maven/3.6.0/libexec"/>
    <property name="file.separator" value="/"/>
    <property name="java.version.date" value="2018-09-25"/>
    <property name="java.vendor.url.bug" value="http://bugreport.java.com/bugreport/"/>
    <property name="sun.io.unicode.encoding" value="UnicodeBig"/>
    <property name="sun.cpu.endian" value="little"/>
    <property name="java.vendor.version" value="18.9"/>
    <property name="socksNonProxyHosts" value="local|*.local|169.254/16|*.169.254/16"/>
    <property name="ftp.nonProxyHosts" value="local|*.local|169.254/16|*.169.254/16"/>
    <property name="sun.cpu.isalist" value=""/>
  </properties>
  <testcase classname="edu.stanford.nlp.trees.tregex.TregexTest" name="testOneResult" time="0"/>
  <testcase classname="edu.stanford.nlp.trees.tregex.TregexTest" name="testNoResults" time="0"/>
  <testcase classname="edu.stanford.nlp.trees.tregex.TregexTest" name="testTwoChildren" time="0.003"/>
  <testcase classname="edu.stanford.nlp.trees.tregex.TregexTest" name="testImmediateSister" time="0"/>
  <testcase classname="edu.stanford.nlp.trees.tregex.TregexTest" name="testNamed" time="0.001"/>
  <testcase classname="edu.stanford.nlp.trees.tregex.TregexTest" name="testReuse" time="0"/>
  <testcase classname="edu.stanford.nlp.trees.tregex.TregexTest" name="testDominateDescribedChain" time="0.002"/>
  <testcase classname="edu.stanford.nlp.trees.tregex.TregexTest" name="testLink" time="0"/>
  <testcase classname="edu.stanford.nlp.trees.tregex.TregexTest" name="testTest" time="0"/>
  <testcase classname="edu.stanford.nlp.trees.tregex.TregexTest" name="testDocExamples" time="0.001"/>
  <testcase classname="edu.stanford.nlp.trees.tregex.TregexTest" name="testPrecedingFollowingSister" time="0.002"/>
  <testcase classname="edu.stanford.nlp.trees.tregex.TregexTest" name="testPrecedesDescribedChain" time="0.004"/>
  <testcase classname="edu.stanford.nlp.trees.tregex.TregexTest" name="testDisjunctionVariableAssignments" time="0"/>
  <testcase classname="edu.stanford.nlp.trees.tregex.TregexTest" name="testParenthesizedExpressions" time="0.002"/>
  <testcase classname="edu.stanford.nlp.trees.tregex.TregexTest" name="testComplex2" time="0.003"/>
  <testcase classname="edu.stanford.nlp.trees.tregex.TregexTest" name="testOnlyMatchRoot" time="0.001"/>
  <testcase classname="edu.stanford.nlp.trees.tregex.TregexTest" name="testSubtreePattern" time="0.002"/>
  <testcase classname="edu.stanford.nlp.trees.tregex.TregexTest" name="testChinese" time="0.001"/>
  <testcase classname="edu.stanford.nlp.trees.tregex.TregexTest" name="testRootDisjunction" time="0.001"/>
  <testcase classname="edu.stanford.nlp.trees.tregex.TregexTest" name="testComplex" time="0.004"/>
  <testcase classname="edu.stanford.nlp.trees.tregex.TregexTest" name="testTwoResults" time="0"/>
  <testcase classname="edu.stanford.nlp.trees.tregex.TregexTest" name="testLeftRightMostDescendant" time="0.004"/>
  <testcase classname="edu.stanford.nlp.trees.tregex.TregexTest" name="testOptional" time="0.001"/>
  <testcase classname="edu.stanford.nlp.trees.tregex.TregexTest" name="testMonthDayYear" time="0.006"/>
  <testcase classname="edu.stanford.nlp.trees.tregex.TregexTest" name="testMoeCurlyLarry" time="0"/>
  <testcase classname="edu.stanford.nlp.trees.tregex.TregexTest" name="testWordDisjunction" time="0.001"/>
  <testcase classname="edu.stanford.nlp.trees.tregex.TregexTest" name="testSegmentedAndEqualsExpressions" time="0.001"/>
  <testcase classname="edu.stanford.nlp.trees.tregex.TregexTest" name="testVariableGroups" time="0"/>
  <testcase classname="edu.stanford.nlp.trees.tregex.TregexTest" name="testOnlyChild" time="0.001"/>
  <testcase classname="edu.stanford.nlp.trees.tregex.TregexTest" name="testJoÃ£oSilva" time="0.001"/>
  <testcase classname="edu.stanford.nlp.trees.tregex.TregexTest" name="testHeadOfPhrase" time="0.002"/>
  <testcase classname="edu.stanford.nlp.trees.tregex.TregexTest" name="testRepeatedVariables" time="0"/>
  <testcase classname="edu.stanford.nlp.trees.tregex.TregexTest" name="testImmediatePrecedesFollows" time="0.003"/>
  <testcase classname="edu.stanford.nlp.trees.tregex.TregexTest" name="testImmediatelyDominates" time="0.001"/>
  <testcase classname="edu.stanford.nlp.trees.tregex.TregexTest" name="testDominates" time="0.001"/>
  <testcase classname="edu.stanford.nlp.trees.tregex.TregexTest" name="testParentEquals" time="0"/>
  <testcase classname="edu.stanford.nlp.trees.tregex.TregexTest" name="testCategoryDisjunction" time="0.001"/>
  <testcase classname="edu.stanford.nlp.trees.tregex.TregexTest" name="testSister" time="0.001"/>
  <testcase classname="edu.stanford.nlp.trees.tregex.TregexTest" name="testIthChild" time="0.003"/>
  <testcase classname="edu.stanford.nlp.trees.tregex.TregexTest" name="testFirstLastChild" time="0.002"/>
  <testcase classname="edu.stanford.nlp.trees.tregex.TregexTest" name="testCategoryFunctions" time="0.001"/>
  <testcase classname="edu.stanford.nlp.trees.tregex.TregexTest" name="testDominateUnaryChain" time="0.002"/>
  <testcase classname="edu.stanford.nlp.trees.tregex.TregexTest" name="testPrecedesFollows" time="0.003"/>
  <testcase classname="edu.stanford.nlp.trees.tregex.TregexTest" name="testNonsense" time="0.001"/>
</testsuite>